<?xml version="1.0" encoding="UTF-8"?>
<!-- Generated by org.testng.reporters.JUnitReportReporter -->
<testsuite skipped="1" hostname="TYSS-4F-053" name="com.hrm.scripts.VerifyLogo" tests="1" failures="0" timestamp="23 Nov 2017 07:04:57 GMT" time="0.000" errors="0">
  <testcase name="testLogo" time="0.000" classname="com.hrm.scripts.VerifyLogo">
    <skipped/>
  </testcase> <!-- testLogo -->
</testsuite> <!-- com.hrm.scripts.VerifyLogo -->
